0 info it worked if it ends with ok
1 verbose cli [ 'C:\\node\\node.exe',
1 verbose cli   'C:\\node\\node_modules\\npm\\bin\\npm-cli.js',
1 verbose cli   'start' ]
2 info using npm@3.3.12
3 info using node@v5.2.0
4 verbose run-script [ 'prestart', 'start', 'poststart' ]
5 info lifecycle nodetest@0.0.0~prestart: nodetest@0.0.0
6 silly lifecycle nodetest@0.0.0~prestart: no script for prestart, continuing
7 info lifecycle nodetest@0.0.0~start: nodetest@0.0.0
8 verbose lifecycle nodetest@0.0.0~start: unsafe-perm in lifecycle true
9 verbose lifecycle nodetest@0.0.0~start: PATH: C:\node\node_modules\npm\bin\node-gyp-bin;C:\node\nodetest\node_modules\.bin;C:\WINDOWS\system32;C:\WINDOWS;C:\WINDOWS\System32\Wbem;C:\WINDOWS\System32\WindowsPowerShell\v1.0\;C:\Program Files\Microsoft SDKs\Windows Azure\CLI\wbin;C:\Program Files\Microsoft SDKs\Azure\CLI\wbin;C:\node\;C:\Users\sapan\AppData\Roaming\npm
10 verbose lifecycle nodetest@0.0.0~start: CWD: C:\node\nodetest
11 silly lifecycle nodetest@0.0.0~start: Args: [ '/d /s /c', 'node ./bin/www' ]
12 silly lifecycle nodetest@0.0.0~start: Returned: code: 1  signal: null
13 info lifecycle nodetest@0.0.0~start: Failed to exec start script
14 verbose stack Error: nodetest@0.0.0 start: `node ./bin/www`
14 verbose stack Exit status 1
14 verbose stack     at EventEmitter.<anonymous> (C:\node\node_modules\npm\lib\utils\lifecycle.js:232:16)
14 verbose stack     at emitTwo (events.js:88:13)
14 verbose stack     at EventEmitter.emit (events.js:173:7)
14 verbose stack     at ChildProcess.<anonymous> (C:\node\node_modules\npm\lib\utils\spawn.js:24:14)
14 verbose stack     at emitTwo (events.js:88:13)
14 verbose stack     at ChildProcess.emit (events.js:173:7)
14 verbose stack     at maybeClose (internal/child_process.js:819:16)
14 verbose stack     at Process.ChildProcess._handle.onexit (internal/child_process.js:212:5)
15 verbose pkgid nodetest@0.0.0
16 verbose cwd C:\node\nodetest
17 error Windows_NT 6.3.9600
18 error argv "C:\\node\\node.exe" "C:\\node\\node_modules\\npm\\bin\\npm-cli.js" "start"
19 error node v5.2.0
20 error npm  v3.3.12
21 error code ELIFECYCLE
22 error nodetest@0.0.0 start: `node ./bin/www`
22 error Exit status 1
23 error Failed at the nodetest@0.0.0 start script 'node ./bin/www'.
23 error Make sure you have the latest version of node.js and npm installed.
23 error If you do, this is most likely a problem with the nodetest package,
23 error not with npm itself.
23 error Tell the author that this fails on your system:
23 error     node ./bin/www
23 error You can get their info via:
23 error     npm owner ls nodetest
23 error There is likely additional logging output above.
24 verbose exit [ 1, true ]
